
Starting tests for Class testcases.CWE129_Improper_Validation_of_Array_Index__large_fixed_array_read_check_min_01_1
Starting bad() for Class testcases.CWE129_Improper_Validation_of_Array_Index__large_fixed_array_read_check_min_01_1
EXCEPTION = java.lang.ArrayIndexOutOfBoundsException: Index 100 out of bounds for length 5

Starting tests for Class testcases.CWE129_Improper_Validation_of_Array_Index__large_fixed_array_read_check_min_02_1
Starting bad() for Class testcases.CWE129_Improper_Validation_of_Array_Index__large_fixed_array_read_check_min_02_1
EXCEPTION = java.lang.ArrayIndexOutOfBoundsException: Index 100 out of bounds for length 5

Starting tests for Class testcases.CWE129_Improper_Validation_of_Array_Index__large_fixed_array_read_check_min_09_1
Starting bad() for Class testcases.CWE129_Improper_Validation_of_Array_Index__large_fixed_array_read_check_min_09_1
EXCEPTION = java.lang.ArrayIndexOutOfBoundsException: Index 100 out of bounds for length 5

Starting tests for Class testcases.CWE129_Improper_Validation_of_Array_Index__large_fixed_array_read_check_min_14_1
Starting bad() for Class testcases.CWE129_Improper_Validation_of_Array_Index__large_fixed_array_read_check_min_14_1
EXCEPTION = java.lang.ArrayIndexOutOfBoundsException: Index 100 out of bounds for length 5

Starting tests for Class testcases.CWE129_Improper_Validation_of_Array_Index__large_fixed_array_read_check_min_31_1
Starting bad() for Class testcases.CWE129_Improper_Validation_of_Array_Index__large_fixed_array_read_check_min_31_1
EXCEPTION = java.lang.ArrayIndexOutOfBoundsException: Index 100 out of bounds for length 5

Starting tests for Class testcases.CWE129_Improper_Validation_of_Array_Index__large_fixed_array_read_no_check_08_1
Starting bad() for Class testcases.CWE129_Improper_Validation_of_Array_Index__large_fixed_array_read_no_check_08_1
EXCEPTION = java.lang.ArrayIndexOutOfBoundsException: Index 100 out of bounds for length 5

Starting tests for Class testcases.CWE129_Improper_Validation_of_Array_Index__large_fixed_array_read_no_check_10_1
Starting bad() for Class testcases.CWE129_Improper_Validation_of_Array_Index__large_fixed_array_read_no_check_10_1
EXCEPTION = java.lang.ArrayIndexOutOfBoundsException: Index 100 out of bounds for length 5

Starting tests for Class testcases.CWE129_Improper_Validation_of_Array_Index__large_fixed_array_size_01_1
Starting bad() for Class testcases.CWE129_Improper_Validation_of_Array_Index__large_fixed_array_size_01_1
05
Completed bad() for Class testcases.CWE129_Improper_Validation_of_Array_Index__large_fixed_array_size_01_1
CWE129 : 0
CWE134 : 0
CWE190 : 0
CWE191 : 0
CWE369 : 0
1
Execution of the compiled files
CWE129_Improper_Validation_of_Array_Index__large_fixed_array_read_check_min_01_1.class
testcases.CWE129_Improper_Validation_of_Array_Index__large_fixed_array_read_check_min_01_1
CWE129_Improper_Validation_of_Array_Index__large_fixed_array_read_check_min_02_1.class
testcases.CWE129_Improper_Validation_of_Array_Index__large_fixed_array_read_check_min_02_1
CWE129_Improper_Validation_of_Array_Index__large_fixed_array_read_check_min_09_1.class
testcases.CWE129_Improper_Validation_of_Array_Index__large_fixed_array_read_check_min_09_1
CWE129_Improper_Validation_of_Array_Index__large_fixed_array_read_check_min_14_1.class
testcases.CWE129_Improper_Validation_of_Array_Index__large_fixed_array_read_check_min_14_1
CWE129_Improper_Validation_of_Array_Index__large_fixed_array_read_check_min_31_1.class
testcases.CWE129_Improper_Validation_of_Array_Index__large_fixed_array_read_check_min_31_1
CWE129_Improper_Validation_of_Array_Index__large_fixed_array_read_no_check_08_1.class
testcases.CWE129_Improper_Validation_of_Array_Index__large_fixed_array_read_no_check_08_1
CWE129_Improper_Validation_of_Array_Index__large_fixed_array_read_no_check_10_1.class
testcases.CWE129_Improper_Validation_of_Array_Index__large_fixed_array_read_no_check_10_1
CWE129_Improper_Validation_of_Array_Index__large_fixed_array_size_01_1.class
testcases.CWE129_Improper_Validation_of_Array_Index__large_fixed_array_size_01_1
CWE129_Improper_Validation_of_Array_Index__large_fixed_array_size_01_2.class
testcases.CWE129_Improper_Validation_of_Array_Index__large_fixed_array_size_01_2
